2018-09-16 10:59:58 INFO  AppStartup:64 - Menu master id = 1
2018-09-16 11:06:55 INFO  AppStartup:64 - Menu master id = 1
2018-09-16 11:12:22 INFO  AppStartup:64 - Menu master id = 1
2018-09-16 11:18:41 INFO  AppStartup:62 - Menu master id = 1
2018-09-16 11:31:45 INFO  AppStartup:75 - Menu master id = 1
2018-09-16 11:34:59 INFO  AppStartup:47 - user id = 1
2018-09-16 11:35:01 INFO  AppStartup:76 - Menu master id = 1
2018-09-16 12:31:16 INFO  AppStartup:47 - user id = 1
2018-09-16 12:31:19 INFO  AppStartup:76 - Menu master id = 1
2018-09-16 12:33:44 INFO  AppStartup:47 - user id = 1
2018-09-16 12:33:46 INFO  AppStartup:76 - Menu master id = 1
2018-09-16 13:08:09 INFO  AppStartup:39 - ----------------------------------------> User(id=null, name=null, email=null, password=null, status=ACTIVE, rememberToken=null, firstName=null, lastName=null, updatedBy=null, createdBy=null, createdAt=Sun Sep 16 13:08:09 ICT 2018, updatedAt=Sun Sep 16 13:08:09 ICT 2018, outlet=null)
2018-09-16 13:19:00 INFO  AppStartup:39 - ----------------------------------------> User(id=null, name=null, email=null, password=null, status=ACTIVE, rememberToken=null, firstName=null, lastName=null, updatedBy=null, createdBy=null, createdAt=Sun Sep 16 13:19:00 ICT 2018, updatedAt=Sun Sep 16 13:19:00 ICT 2018, outlet=null)
2018-09-16 13:19:01 INFO  AppStartup:57 - user id = 1
2018-09-16 13:19:04 INFO  AppStartup:86 - Menu master id = 1
2018-09-16 13:39:06 INFO  AppStartup:39 - ----------------------------------------> User(id=null, name=null, email=null, password=null, status=ACTIVE, rememberToken=null, firstName=null, lastName=null, updatedBy=null, createdBy=null, createdAt=Sun Sep 16 13:39:06 ICT 2018, updatedAt=Sun Sep 16 13:39:06 ICT 2018, outlet=null)
2018-09-16 13:39:07 INFO  AppStartup:57 - user id = 1
2018-09-16 13:39:10 INFO  AppStartup:86 - Menu master id = 1
2018-09-16 14:08:39 INFO  AppStartup:56 - user id = 1
2018-09-16 14:08:41 INFO  AppStartup:85 - Menu master id = 1
2018-09-16 14:11:35 INFO  AppStartup:56 - user id = 1
2018-09-16 14:11:38 INFO  AppStartup:85 - Menu master id = 1
2018-09-16 14:39:37 INFO  AppStartup:56 - user id = 1
2018-09-16 14:39:39 INFO  AppStartup:85 - Menu master id = 1
2018-09-16 20:51:17 INFO  OutletRest:42 - filter OutletGroupDto(errCode=, errDesc=null, groupOutlet=null, resultPage=null)
2018-09-16 20:53:09 INFO  OutletRest:42 - filter OutletGroupDto(errCode=, errDesc=null, groupOutlet=null, resultPage=null)
2018-09-16 20:55:44 INFO  OutletRest:42 - filter OutletGroupDto(errCode=, errDesc=null, groupOutlet=null, resultPage=null)
2018-09-16 20:57:51 INFO  OutletRest:42 - filter OutletGroupDto(errCode=, errDesc=null, groupOutlet=null, resultPage=null)
2018-09-16 20:58:17 INFO  OutletRest:42 - filter OutletGroupDto(errCode=, errDesc=null, groupOutlet=null, resultPage=null)
2018-09-16 21:18:29 INFO  OutletRest:45 - filter REST =>{errCode=, outletGroup={id=0, name=q}}
2018-09-16 21:27:24 INFO  OutletRest:45 - filter NEWOutletGroupDto(errCode=null, errDesc=null, groupOutlet=null, resultPage=null)
2018-09-16 21:27:24 INFO  OutletRest:46 - filter object {errCode=, outletGroup={id=0, name=q}}
2018-09-16 21:27:24 INFO  OutletRest:49 - filter REST =>OutletGroupDto(errCode=null, errDesc=null, groupOutlet=null, resultPage=null)
2018-09-16 21:32:52 INFO  OutletRest:45 - filter NEWOutletGroupDto(errCode=null, errDesc=null, groupOutlet=null, resultPage=null)
2018-09-16 21:32:52 INFO  OutletRest:46 - filter object {errCode=, groupOutlet={id=0, name=}}
2018-09-16 21:33:39 INFO  OutletRest:45 - filter NEWOutletGroupDto(errCode=null, errDesc=null, groupOutlet=null, resultPage=null)
2018-09-16 21:33:39 INFO  OutletRest:46 - filter object {errCode=, groupOutlet={id=0, name=}}
2018-09-16 21:36:13 INFO  OutletRest:46 - filter object OutletGroupDto(errCode=, errDesc=null, groupOutlet=GroupOutlet(super=Audit(updatedBy=null, createdBy=null, createdAt=null, updatedAt=null), id=0, name=), resultPage=null)
2018-09-16 21:38:53 INFO  OutletRest:46 - filter object OutletGroupDto(errCode=, errDesc=null, groupOutlet=GroupOutlet(super=Audit(updatedBy=null, createdBy=null, createdAt=null, updatedAt=null), id=0, name=), resultPage=null)
2018-09-16 21:42:20 INFO  OutletRest:46 - filter object OutletGroupDto(errCode=, errDesc=null, groupOutlet=GroupOutlet(super=Audit(updatedBy=null, createdBy=null, createdAt=null, updatedAt=null), id=0, name=), resultPage=null)
2018-09-16 21:43:59 INFO  OutletRest:46 - filter object OutletGroupDto(errCode=, errDesc=null, groupOutlet=GroupOutlet(super=Audit(updatedBy=null, createdBy=null, createdAt=null, updatedAt=null), id=0, name=), resultPage=null)
2018-09-16 21:45:42 INFO  OutletRest:46 - filter object OutletGroupDto(errCode=, errDesc=null, groupOutlet=GroupOutlet(super=Audit(updatedBy=null, createdBy=null, createdAt=null, updatedAt=null), id=0, name=), resultPage=null)
2018-09-16 21:45:48 INFO  OutletRest:46 - filter object OutletGroupDto(errCode=, errDesc=null, groupOutlet=GroupOutlet(super=Audit(updatedBy=null, createdBy=null, createdAt=null, updatedAt=null), id=0, name=), resultPage=null)
2018-09-16 21:48:19 INFO  OutletRest:46 - filter object OutletGroupDto(errCode=, errDesc=null, groupOutlet=GroupOutlet(super=Audit(updatedBy=null, createdBy=null, createdAt=null, updatedAt=null), id=0, name=), resultPage=null)
2018-09-16 21:48:56 INFO  OutletRest:46 - filter object OutletGroupDto(errCode=, errDesc=null, groupOutlet=GroupOutlet(super=Audit(updatedBy=null, createdBy=null, createdAt=null, updatedAt=null), id=0, name=), resultPage=null)
2018-09-16 21:49:11 INFO  OutletRest:46 - filter object OutletGroupDto(errCode=, errDesc=null, groupOutlet=GroupOutlet(super=Audit(updatedBy=null, createdBy=null, createdAt=null, updatedAt=null), id=0, name=a), resultPage=null)
2018-09-16 21:49:56 INFO  OutletRest:46 - filter object OutletGroupDto(errCode=, errDesc=null, groupOutlet=GroupOutlet(super=Audit(updatedBy=null, createdBy=null, createdAt=null, updatedAt=null), id=0, name=), resultPage=null)
2018-09-16 21:50:07 INFO  OutletRest:46 - filter object OutletGroupDto(errCode=, errDesc=null, groupOutlet=GroupOutlet(super=Audit(updatedBy=null, createdBy=null, createdAt=null, updatedAt=null), id=0, name=), resultPage=null)
2018-09-16 21:54:54 INFO  OutletRest:46 - filter object OutletGroupDto(errCode=, errDesc=null, groupOutlet=GroupOutlet(super=Audit(updatedBy=null, createdBy=null, createdAt=null, updatedAt=null), id=0, name=), resultPage=null)
2018-09-16 22:01:08 INFO  OutletRest:46 - filter object OutletGroupDto(errCode=, errDesc=null, groupOutlet=GroupOutlet(super=Audit(updatedBy=null, createdBy=null, createdAt=null, updatedAt=null), id=0, name=), resultPage=null)
2018-09-18 19:39:08 INFO  OutletRest:48 - filter object OutletGroupDto(errCode=null, errDesc=null)
2018-09-18 19:42:25 INFO  OutletRest:48 - filter object OutletGroupDto(errCode=null, errDesc=null)
2018-09-18 19:42:58 INFO  OutletRest:48 - filter object OutletGroupDto(errCode=null, errDesc=null)
2018-09-18 19:43:37 INFO  OutletRest:48 - filter object OutletGroupDto(errCode=null, errDesc=null)
2018-09-18 19:44:27 INFO  OutletRest:48 - filter object OutletGroupDto(errCode=null, errDesc=null)
2018-09-18 19:45:07 INFO  OutletRest:48 - filter object OutletGroupDto(errCode=null, errDesc=null)
2018-09-18 19:46:56 INFO  OutletRest:37 - save OutletGroupDto(errCode=null, errDesc=null)
2018-09-18 19:59:04 INFO  OutletRest:37 - save OutletGroupDto(errCode=null, errDesc=null)
2018-09-18 20:00:52 INFO  OutletRest:37 - save OutletGroupDto(errCode=null, errDesc=null)
2018-09-18 20:01:04 INFO  OutletRest:48 - filter object OutletGroupDto(errCode=null, errDesc=null)
2018-09-18 20:03:08 INFO  OutletRest:48 - filter object OutletGroupDto(errCode=null, errDesc=null)
2018-09-18 20:07:40 INFO  OutletRest:48 - filter object OutletGroupDto(errCode=null, errDesc=null)
2018-09-18 20:15:52 INFO  OutletRest:48 - filter object OutletGroupDto(errCode=null, errDesc=null)
2018-09-18 20:16:07 INFO  OutletRest:48 - filter object OutletGroupDto(errCode=null, errDesc=null)
2018-09-18 20:20:14 INFO  OutletRest:48 - filter object OutletGroupDto(errCode=null, errDesc=null)
2018-09-18 20:20:21 INFO  OutletRest:48 - filter object OutletGroupDto(errCode=null, errDesc=null)
2018-09-18 20:20:27 INFO  OutletRest:48 - filter object OutletGroupDto(errCode=null, errDesc=null)
2018-09-18 20:20:40 INFO  OutletRest:48 - filter object OutletGroupDto(errCode=null, errDesc=null)
2018-09-18 20:21:58 INFO  OutletRest:48 - filter object OutletGroupDto(errCode=null, errDesc=null)
2018-09-18 20:24:30 INFO  OutletRest:48 - filter object OutletGroupDto(errCode=null, errDesc=null)
2018-09-18 20:24:49 INFO  OutletRest:48 - filter object OutletGroupDto(errCode=null, errDesc=null)
2018-09-18 20:25:23 INFO  OutletRest:48 - filter object OutletGroupDto(errCode=null, errDesc=null)
2018-09-18 20:26:40 INFO  OutletRest:48 - filter object OutletGroupDto(errCode=null, errDesc=null)
2018-09-18 20:26:57 INFO  OutletRest:48 - filter object OutletGroupDto(errCode=null, errDesc=null)
2018-09-18 20:29:57 INFO  OutletRest:48 - filter object OutletGroupDto(errCode=null, errDesc=null)
2018-09-18 20:30:13 INFO  OutletRest:48 - filter object OutletGroupDto(errCode=null, errDesc=null)
2018-09-18 20:31:33 INFO  OutletRest:48 - filter object OutletGroupDto(errCode=null, errDesc=null)
2018-09-18 20:31:52 INFO  OutletRest:48 - filter object OutletGroupDto(errCode=null, errDesc=null)
